#-----------------------------------------------------------
# Vivado v2019.1 (64-bit)
# SW Build 2552052 on Fri May 24 14:49:42 MDT 2019
# IP Build 2548770 on Fri May 24 18:01:18 MDT 2019
# Start of session at: Sun Nov 17 13:54:50 2019
# Process ID: 10724
# Current directory: C:/Users/Francisco/Desktop/lab4_s1_sol_2019-20_sem1
# Command line: vivado.exe -gui_launcher_event rodinguilauncherevent1732 C:\Users\Francisco\Desktop\lab4_s1_sol_2019-20_sem1\lab4_s1.xpr
# Log file: C:/Users/Francisco/Desktop/lab4_s1_sol_2019-20_sem1/vivado.log
# Journal file: C:/Users/Francisco/Desktop/lab4_s1_sol_2019-20_sem1\vivado.jou
#-----------------------------------------------------------
start_gui
open_project C:/Users/Francisco/Desktop/lab4_s1_sol_2019-20_sem1/lab4_s1.xpr
INFO: [Project 1-313] Project file moved from 'C:/Users/Francisco/Desktop/lab4_s1' since last save.
Scanning sources...
Finished scanning sources
INFO: [IP_Flow 19-234] Refreshing IP repositories
INFO: [IP_Flow 19-1704] No user IP repositories specified
INFO: [IP_Flow 19-2313] Loaded Vivado IP repository 'C:/Xilinx/Vivado/2019.1/data/ip'.
open_project: Time (s): cpu = 00:00:16 ; elapsed = 00:00:06 . Memory (MB): peak = 897.762 ; gain = 43.238
close_project
open_project C:/Users/Francisco/Desktop/lab4_s1_sol_2019-20_sem1/lab4_s1.xpr
INFO: [Project 1-313] Project file moved from 'C:/Users/Francisco/Desktop/lab4_s1' since last save.
Scanning sources...
Finished scanning sources
INFO: [IP_Flow 19-234] Refreshing IP repositories
INFO: [IP_Flow 19-1704] No user IP repositories specified
INFO: [IP_Flow 19-2313] Loaded Vivado IP repository 'C:/Xilinx/Vivado/2019.1/data/ip'.
launch_simulation
INFO: [Vivado 12-5682] Launching behavioral simulation in 'C:/Users/Francisco/Desktop/lab4_s1_sol_2019-20_sem1/lab4_s1.sim/sim_1/behav/xsim'
INFO: [SIM-utils-51] Simulation object is 'sim_1'
INFO: [SIM-utils-54] Inspecting design source files for 'tb_phone_mgr' in fileset 'sim_1'...
INFO: [USF-XSim-97] Finding global include files...
INFO: [USF-XSim-100] Fetching design files from 'sources_1'...(this may take a while)...
INFO: [USF-XSim-101] Fetching design files from 'sim_1'...
INFO: [USF-XSim-2] XSim::Compile design
INFO: [USF-XSim-61] Executing 'COMPILE and ANALYZE' step in 'C:/Users/Francisco/Desktop/lab4_s1_sol_2019-20_sem1/lab4_s1.sim/sim_1/behav/xsim'
"xvhdl --incr --relax -prj tb_phone_mgr_vhdl.prj"
INFO: [VRFC 10-163] Analyzing VHDL file "C:/Users/Francisco/Desktop/lab4_s1_sol_2019-20_sem1/lab4_s1.srcs/sources_1/imports/lab4_2018-19_sem2/lab4/lab4.srcs/sources_1/imports/design/ctr_16.vhd" into library xil_defaultlib
INFO: [VRFC 10-3107] analyzing entity 'ctr_16'
INFO: [VRFC 10-163] Analyzing VHDL file "C:/Users/Francisco/Desktop/lab4_s1_sol_2019-20_sem1/lab4_s1.srcs/sources_1/imports/lab4_2018-19_sem2/lab4/lab4.srcs/sources_1/imports/Desktop/ff_de.vhd" into library xil_defaultlib
INFO: [VRFC 10-3107] analyzing entity 'ff_de'
INFO: [VRFC 10-163] Analyzing VHDL file "C:/Users/Francisco/Desktop/lab4_s1_sol_2019-20_sem1/lab4_s1.srcs/sources_1/imports/lab4_2018-19_sem2/maq_estado.vhd" into library xil_defaultlib
INFO: [VRFC 10-3107] analyzing entity 'maq_estado'
INFO: [VRFC 10-163] Analyzing VHDL file "C:/Users/Francisco/Desktop/lab4_s1_sol_2019-20_sem1/lab4_s1.srcs/sources_1/imports/lab4_2018-19_sem2/temporizador.vhd" into library xil_defaultlib
INFO: [VRFC 10-3107] analyzing entity 'temporizador'
INFO: [VRFC 10-163] Analyzing VHDL file "C:/Users/Francisco/Desktop/lab4_s1_sol_2019-20_sem1/lab4_s1.srcs/sources_1/imports/lab4_2018-19_sem2/phone_mgr.vhd" into library xil_defaultlib
INFO: [VRFC 10-3107] analyzing entity 'phone_mgr'
INFO: [VRFC 10-163] Analyzing VHDL file "C:/Users/Francisco/Desktop/lab4_s1_sol_2019-20_sem1/lab4_s1.srcs/sim_1/imports/Desktop/tb_phone_mgr.vhd" into library xil_defaultlib
INFO: [VRFC 10-3107] analyzing entity 'tb_phone_mgr'
INFO: [USF-XSim-69] 'compile' step finished in '2' seconds
INFO: [USF-XSim-3] XSim::Elaborate design
INFO: [USF-XSim-61] Executing 'ELABORATE' step in 'C:/Users/Francisco/Desktop/lab4_s1_sol_2019-20_sem1/lab4_s1.sim/sim_1/behav/xsim'
"xelab -wto 928a7f2d559b4ea99792e013b1b89032 --incr --debug typical --relax --mt 2 -L xil_defaultlib -L secureip --snapshot tb_phone_mgr_behav xil_defaultlib.tb_phone_mgr -log elaborate.log"
Vivado Simulator 2019.1
Copyright 1986-1999, 2001-2019 Xilinx, Inc. All Rights Reserved.
Running: C:/Xilinx/Vivado/2019.1/bin/unwrapped/win64.o/xelab.exe -wto 928a7f2d559b4ea99792e013b1b89032 --incr --debug typical --relax --mt 2 -L xil_defaultlib -L secureip --snapshot tb_phone_mgr_behav xil_defaultlib.tb_phone_mgr -log elaborate.log 
Using 2 slave threads.
Starting static elaboration
Completed static elaboration
Starting simulation data flow analysis
Completed simulation data flow analysis
Time Resolution for simulation is 1ps
Compiling package std.standard
Compiling package std.textio
Compiling package ieee.std_logic_1164
Compiling architecture behavioral of entity xil_defaultlib.ff_de [ff_de_default]
Compiling architecture behavioral of entity xil_defaultlib.maq_estado [maq_estado_default]
Compiling architecture behavioral of entity xil_defaultlib.ctr_16 [ctr_16_default]
Compiling architecture behavioral of entity xil_defaultlib.temporizador [temporizador_default]
Compiling architecture behavioral of entity xil_defaultlib.phone_mgr [phone_mgr_default]
Compiling architecture behavioral of entity xil_defaultlib.tb_phone_mgr
Built simulation snapshot tb_phone_mgr_behav
INFO: [USF-XSim-69] 'elaborate' step finished in '4' seconds
INFO: [USF-XSim-4] XSim::Simulate design
INFO: [USF-XSim-61] Executing 'SIMULATE' step in 'C:/Users/Francisco/Desktop/lab4_s1_sol_2019-20_sem1/lab4_s1.sim/sim_1/behav/xsim'
INFO: [USF-XSim-98] *** Running xsim
   with args "tb_phone_mgr_behav -key {Behavioral:sim_1:Functional:tb_phone_mgr} -tclbatch {tb_phone_mgr.tcl} -log {simulate.log}"
INFO: [USF-XSim-8] Loading simulator feature
Vivado Simulator 2019.1
Time resolution is 1 ps
source tb_phone_mgr.tcl
# set curr_wave [current_wave_config]
# if { [string length $curr_wave] == 0 } {
#   if { [llength [get_objects]] > 0} {
#     add_wave /
#     set_property needs_save false [current_wave_config]
#   } else {
#      send_msg_id Add_Wave-1 WARNING "No top level signals found. Simulator will start without a wave window. If you want to open a wave window go to 'File->New Waveform Configuration' or type 'create_wave_config' in the TCL console."
#   }
# }
# run 1000ns
INFO: [USF-XSim-96] XSim completed. Design snapshot 'tb_phone_mgr_behav' loaded.
INFO: [USF-XSim-97] XSim simulation ran for 1000ns
launch_simulation: Time (s): cpu = 00:00:08 ; elapsed = 00:00:10 . Memory (MB): peak = 920.473 ; gain = 0.000
restart
INFO: [Simtcl 6-17] Simulation restarted
run 4 us
close_sim
INFO: [Simtcl 6-16] Simulation closed
close_project
exit
INFO: [Common 17-206] Exiting Vivado at Sun Nov 17 14:36:59 2019...
